Started GET "/" for 127.0.0.1 at 2017-02-15 10:41:44 -0600
Processing by ClientsController#index as HTML
  Rendering clients/index.html.erb within layouts/application
  Rendered clients/index.html.erb within layouts/application (2.1ms)
Completed 200 OK in 1450ms (Views: 1432.8ms | ActiveRecord: 0.0ms)


Started GET "/clients" for 127.0.0.1 at 2017-02-15 11:14:04 -0600
  
SyntaxError (/Users/mergenbattur/chowly/api_demo/Api-Demo/app/controllers/clients_controller.rb:3: syntax error, unexpected '}', expecting =>):
  
app/controllers/clients_controller.rb:3: syntax error, unexpected '}', expecting =>
  Rendering /Users/mergenbattur/.rvm/gems/ruby-2.2.5/gems/actionpack-5.0.1/lib/action_dispatch/middleware/templates/rescues/diagnostics.html.erb within rescues/layout
  Rendering /Users/mergenbattur/.rvm/gems/ruby-2.2.5/gems/actionpack-5.0.1/lib/action_dispatch/middleware/templates/rescues/_source.html.erb
  Rendered /Users/mergenbattur/.rvm/gems/ruby-2.2.5/gems/actionpack-5.0.1/lib/action_dispatch/middleware/templates/rescues/_source.html.erb (24.8ms)
  Rendering /Users/mergenbattur/.rvm/gems/ruby-2.2.5/gems/actionpack-5.0.1/lib/action_dispatch/middleware/templates/rescues/_trace.html.erb
  Rendered /Users/mergenbattur/.rvm/gems/ruby-2.2.5/gems/actionpack-5.0.1/lib/action_dispatch/middleware/templates/rescues/_trace.html.erb (3.4ms)
  Rendering /Users/mergenbattur/.rvm/gems/ruby-2.2.5/gems/actionpack-5.0.1/lib/action_dispatch/middleware/templates/rescues/_request_and_response.html.erb
  Rendered /Users/mergenbattur/.rvm/gems/ruby-2.2.5/gems/actionpack-5.0.1/lib/action_dispatch/middleware/templates/rescues/_request_and_response.html.erb (14.1ms)
  Rendered /Users/mergenbattur/.rvm/gems/ruby-2.2.5/gems/actionpack-5.0.1/lib/action_dispatch/middleware/templates/rescues/diagnostics.html.erb within rescues/layout (127.4ms)
Started GET "/clients" for 127.0.0.1 at 2017-02-15 11:17:23 -0600
  
SyntaxError (/Users/mergenbattur/chowly/api_demo/Api-Demo/app/controllers/clients_controller.rb:4: syntax error, unexpected '}', expecting =>):
  
app/controllers/clients_controller.rb:4: syntax error, unexpected '}', expecting =>
  Rendering /Users/mergenbattur/.rvm/gems/ruby-2.2.5/gems/actionpack-5.0.1/lib/action_dispatch/middleware/templates/rescues/diagnostics.html.erb within rescues/layout
  Rendering /Users/mergenbattur/.rvm/gems/ruby-2.2.5/gems/actionpack-5.0.1/lib/action_dispatch/middleware/templates/rescues/_source.html.erb
  Rendered /Users/mergenbattur/.rvm/gems/ruby-2.2.5/gems/actionpack-5.0.1/lib/action_dispatch/middleware/templates/rescues/_source.html.erb (11.9ms)
  Rendering /Users/mergenbattur/.rvm/gems/ruby-2.2.5/gems/actionpack-5.0.1/lib/action_dispatch/middleware/templates/rescues/_trace.html.erb
  Rendered /Users/mergenbattur/.rvm/gems/ruby-2.2.5/gems/actionpack-5.0.1/lib/action_dispatch/middleware/templates/rescues/_trace.html.erb (5.3ms)
  Rendering /Users/mergenbattur/.rvm/gems/ruby-2.2.5/gems/actionpack-5.0.1/lib/action_dispatch/middleware/templates/rescues/_request_and_response.html.erb
  Rendered /Users/mergenbattur/.rvm/gems/ruby-2.2.5/gems/actionpack-5.0.1/lib/action_dispatch/middleware/templates/rescues/_request_and_response.html.erb (1.9ms)
  Rendered /Users/mergenbattur/.rvm/gems/ruby-2.2.5/gems/actionpack-5.0.1/lib/action_dispatch/middleware/templates/rescues/diagnostics.html.erb within rescues/layout (95.6ms)
Started GET "/clients" for 127.0.0.1 at 2017-02-15 11:18:05 -0600
  
SyntaxError (/Users/mergenbattur/chowly/api_demo/Api-Demo/app/controllers/clients_controller.rb:4: syntax error, unexpected '}', expecting =>):
  
app/controllers/clients_controller.rb:4: syntax error, unexpected '}', expecting =>
  Rendering /Users/mergenbattur/.rvm/gems/ruby-2.2.5/gems/actionpack-5.0.1/lib/action_dispatch/middleware/templates/rescues/diagnostics.html.erb within rescues/layout
  Rendering /Users/mergenbattur/.rvm/gems/ruby-2.2.5/gems/actionpack-5.0.1/lib/action_dispatch/middleware/templates/rescues/_source.html.erb
  Rendered /Users/mergenbattur/.rvm/gems/ruby-2.2.5/gems/actionpack-5.0.1/lib/action_dispatch/middleware/templates/rescues/_source.html.erb (28.9ms)
  Rendering /Users/mergenbattur/.rvm/gems/ruby-2.2.5/gems/actionpack-5.0.1/lib/action_dispatch/middleware/templates/rescues/_trace.html.erb
  Rendered /Users/mergenbattur/.rvm/gems/ruby-2.2.5/gems/actionpack-5.0.1/lib/action_dispatch/middleware/templates/rescues/_trace.html.erb (5.1ms)
  Rendering /Users/mergenbattur/.rvm/gems/ruby-2.2.5/gems/actionpack-5.0.1/lib/action_dispatch/middleware/templates/rescues/_request_and_response.html.erb
  Rendered /Users/mergenbattur/.rvm/gems/ruby-2.2.5/gems/actionpack-5.0.1/lib/action_dispatch/middleware/templates/rescues/_request_and_response.html.erb (13.2ms)
  Rendered /Users/mergenbattur/.rvm/gems/ruby-2.2.5/gems/actionpack-5.0.1/lib/action_dispatch/middleware/templates/rescues/diagnostics.html.erb within rescues/layout (135.3ms)
Started GET "/clients" for 127.0.0.1 at 2017-02-15 11:18:09 -0600
  
SyntaxError (/Users/mergenbattur/chowly/api_demo/Api-Demo/app/controllers/clients_controller.rb:4: syntax error, unexpected '}', expecting =>):
  
app/controllers/clients_controller.rb:4: syntax error, unexpected '}', expecting =>
  Rendering /Users/mergenbattur/.rvm/gems/ruby-2.2.5/gems/actionpack-5.0.1/lib/action_dispatch/middleware/templates/rescues/diagnostics.html.erb within rescues/layout
  Rendering /Users/mergenbattur/.rvm/gems/ruby-2.2.5/gems/actionpack-5.0.1/lib/action_dispatch/middleware/templates/rescues/_source.html.erb
  Rendered /Users/mergenbattur/.rvm/gems/ruby-2.2.5/gems/actionpack-5.0.1/lib/action_dispatch/middleware/templates/rescues/_source.html.erb (6.6ms)
  Rendering /Users/mergenbattur/.rvm/gems/ruby-2.2.5/gems/actionpack-5.0.1/lib/action_dispatch/middleware/templates/rescues/_trace.html.erb
  Rendered /Users/mergenbattur/.rvm/gems/ruby-2.2.5/gems/actionpack-5.0.1/lib/action_dispatch/middleware/templates/rescues/_trace.html.erb (3.0ms)
  Rendering /Users/mergenbattur/.rvm/gems/ruby-2.2.5/gems/actionpack-5.0.1/lib/action_dispatch/middleware/templates/rescues/_request_and_response.html.erb
  Rendered /Users/mergenbattur/.rvm/gems/ruby-2.2.5/gems/actionpack-5.0.1/lib/action_dispatch/middleware/templates/rescues/_request_and_response.html.erb (1.6ms)
  Rendered /Users/mergenbattur/.rvm/gems/ruby-2.2.5/gems/actionpack-5.0.1/lib/action_dispatch/middleware/templates/rescues/diagnostics.html.erb within rescues/layout (75.8ms)
Started GET "/clients" for 127.0.0.1 at 2017-02-15 11:18:48 -0600
Processing by ClientsController#index as HTML
Completed 500 Internal Server Error in 3ms (ActiveRecord: 0.0ms)


  
NameError (uninitialized constant ClientsController::Client):
  
app/controllers/clients_controller.rb:3:in `index'
  Rendering /Users/mergenbattur/.rvm/gems/ruby-2.2.5/gems/actionpack-5.0.1/lib/action_dispatch/middleware/templates/rescues/diagnostics.html.erb within rescues/layout
  Rendering /Users/mergenbattur/.rvm/gems/ruby-2.2.5/gems/actionpack-5.0.1/lib/action_dispatch/middleware/templates/rescues/_source.html.erb
  Rendered /Users/mergenbattur/.rvm/gems/ruby-2.2.5/gems/actionpack-5.0.1/lib/action_dispatch/middleware/templates/rescues/_source.html.erb (5.4ms)
  Rendering /Users/mergenbattur/.rvm/gems/ruby-2.2.5/gems/actionpack-5.0.1/lib/action_dispatch/middleware/templates/rescues/_trace.html.erb
  Rendered /Users/mergenbattur/.rvm/gems/ruby-2.2.5/gems/actionpack-5.0.1/lib/action_dispatch/middleware/templates/rescues/_trace.html.erb (2.9ms)
  Rendering /Users/mergenbattur/.rvm/gems/ruby-2.2.5/gems/actionpack-5.0.1/lib/action_dispatch/middleware/templates/rescues/_request_and_response.html.erb
  Rendered /Users/mergenbattur/.rvm/gems/ruby-2.2.5/gems/actionpack-5.0.1/lib/action_dispatch/middleware/templates/rescues/_request_and_response.html.erb (1.1ms)
  Rendered /Users/mergenbattur/.rvm/gems/ruby-2.2.5/gems/actionpack-5.0.1/lib/action_dispatch/middleware/templates/rescues/diagnostics.html.erb within rescues/layout (82.3ms)
Started GET "/clients" for 127.0.0.1 at 2017-02-15 11:19:11 -0600
  
SyntaxError (/Users/mergenbattur/chowly/api_demo/Api-Demo/app/controllers/clients_controller.rb:3: syntax error, unexpected tSTRING_BEG, expecting keyword_do or '{' or '('
    render json: {puts "Hello World!"}
                        ^
/Users/mergenbattur/chowly/api_demo/Api-Demo/app/controllers/clients_controller.rb:3: syntax error, unexpected '}', expecting keyword_end):
  
app/controllers/clients_controller.rb:3: syntax error, unexpected tSTRING_BEG, expecting keyword_do or '{' or '('
app/controllers/clients_controller.rb:3: syntax error, unexpected '}', expecting keyword_end
  Rendering /Users/mergenbattur/.rvm/gems/ruby-2.2.5/gems/actionpack-5.0.1/lib/action_dispatch/middleware/templates/rescues/diagnostics.html.erb within rescues/layout
  Rendering /Users/mergenbattur/.rvm/gems/ruby-2.2.5/gems/actionpack-5.0.1/lib/action_dispatch/middleware/templates/rescues/_source.html.erb
  Rendered /Users/mergenbattur/.rvm/gems/ruby-2.2.5/gems/actionpack-5.0.1/lib/action_dispatch/middleware/templates/rescues/_source.html.erb (6.4ms)
  Rendering /Users/mergenbattur/.rvm/gems/ruby-2.2.5/gems/actionpack-5.0.1/lib/action_dispatch/middleware/templates/rescues/_trace.html.erb
  Rendered /Users/mergenbattur/.rvm/gems/ruby-2.2.5/gems/actionpack-5.0.1/lib/action_dispatch/middleware/templates/rescues/_trace.html.erb (3.7ms)
  Rendering /Users/mergenbattur/.rvm/gems/ruby-2.2.5/gems/actionpack-5.0.1/lib/action_dispatch/middleware/templates/rescues/_request_and_response.html.erb
  Rendered /Users/mergenbattur/.rvm/gems/ruby-2.2.5/gems/actionpack-5.0.1/lib/action_dispatch/middleware/templates/rescues/_request_and_response.html.erb (1.8ms)
  Rendered /Users/mergenbattur/.rvm/gems/ruby-2.2.5/gems/actionpack-5.0.1/lib/action_dispatch/middleware/templates/rescues/diagnostics.html.erb within rescues/layout (79.8ms)
Started GET "/clients" for 127.0.0.1 at 2017-02-15 11:19:43 -0600
Processing by ClientsController#index as HTML
Completed 200 OK in 2ms (Views: 0.6ms | ActiveRecord: 0.0ms)


Started GET "/clients" for 127.0.0.1 at 2017-02-15 11:20:06 -0600
  
SyntaxError (/Users/mergenbattur/chowly/api_demo/Api-Demo/app/controllers/clients_controller.rb:3: syntax error, unexpected '}', expecting =>):
  
app/controllers/clients_controller.rb:3: syntax error, unexpected '}', expecting =>
  Rendering /Users/mergenbattur/.rvm/gems/ruby-2.2.5/gems/actionpack-5.0.1/lib/action_dispatch/middleware/templates/rescues/diagnostics.html.erb within rescues/layout
  Rendering /Users/mergenbattur/.rvm/gems/ruby-2.2.5/gems/actionpack-5.0.1/lib/action_dispatch/middleware/templates/rescues/_source.html.erb
  Rendered /Users/mergenbattur/.rvm/gems/ruby-2.2.5/gems/actionpack-5.0.1/lib/action_dispatch/middleware/templates/rescues/_source.html.erb (8.1ms)
  Rendering /Users/mergenbattur/.rvm/gems/ruby-2.2.5/gems/actionpack-5.0.1/lib/action_dispatch/middleware/templates/rescues/_trace.html.erb
  Rendered /Users/mergenbattur/.rvm/gems/ruby-2.2.5/gems/actionpack-5.0.1/lib/action_dispatch/middleware/templates/rescues/_trace.html.erb (3.9ms)
  Rendering /Users/mergenbattur/.rvm/gems/ruby-2.2.5/gems/actionpack-5.0.1/lib/action_dispatch/middleware/templates/rescues/_request_and_response.html.erb
  Rendered /Users/mergenbattur/.rvm/gems/ruby-2.2.5/gems/actionpack-5.0.1/lib/action_dispatch/middleware/templates/rescues/_request_and_response.html.erb (1.7ms)
  Rendered /Users/mergenbattur/.rvm/gems/ruby-2.2.5/gems/actionpack-5.0.1/lib/action_dispatch/middleware/templates/rescues/diagnostics.html.erb within rescues/layout (81.1ms)
Started GET "/clients" for 127.0.0.1 at 2017-02-15 11:20:14 -0600
Processing by ClientsController#index as HTML
Completed 200 OK in 1ms (Views: 0.3ms | ActiveRecord: 0.0ms)


Started GET "/clients" for 127.0.0.1 at 2017-02-15 11:22:50 -0600
Processing by ClientsController#index as HTML
Completed 200 OK in 3ms (Views: 0.7ms | ActiveRecord: 0.0ms)


Started GET "/clients" for 127.0.0.1 at 2017-02-15 11:28:12 -0600
Processing by ClientsController#index as HTML
Completed 200 OK in 11ms (Views: 0.4ms | ActiveRecord: 0.0ms)


Started GET "/clients" for 127.0.0.1 at 2017-02-15 11:31:56 -0600
Processing by ClientsController#index as HTML
Completed 200 OK in 13ms (Views: 0.3ms | ActiveRecord: 0.0ms)


Started GET "/clients" for 127.0.0.1 at 2017-02-15 11:47:58 -0600
Processing by ClientsController#index as */*
Completed 200 OK in 11ms (Views: 0.5ms | ActiveRecord: 0.0ms)


Started GET "/clients" for 127.0.0.1 at 2017-02-15 11:52:11 -0600
Processing by ClientsController#index as */*
Completed 200 OK in 5ms (Views: 2.0ms | ActiveRecord: 0.0ms)


Started GET "/clients" for 127.0.0.1 at 2017-02-15 11:52:24 -0600
Processing by ClientsController#index as */*
Completed 200 OK in 1ms (Views: 0.4ms | ActiveRecord: 0.0ms)


